# JRE version: OpenJDK Runtime Environment (8.0_152-b02) (build 1.8.0_152-release-1024-b02)
# Java VM: OpenJDK 64-Bit Server VM (25.152-b02 mixed mode windows-amd64 compressed oops)
Heap:
 PSYoungGen      total 74240K, used 28167K [0x00000000e0000000, 0x00000000e5300000, 0x0000000100000000)
  eden space 64512K, 31% used [0x00000000e0000000,0x00000000e13d1d50,0x00000000e3f00000)
  from space 9728K, 80% used [0x00000000e4900000,0x00000000e50aff20,0x00000000e5280000)
  to   space 10240K, 0% used [0x00000000e3f00000,0x00000000e3f00000,0x00000000e4900000)
 ParOldGen       total 52736K, used 13171K [0x00000000a0000000, 0x00000000a3380000, 0x00000000e0000000)
  object space 52736K, 24% used [0x00000000a0000000,0x00000000a0cdce18,0x00000000a3380000)
 Metaspace       used 34070K, capacity 34846K, committed 34944K, reserved 1079296K
  class space    used 4683K, capacity 4952K, committed 4992K, reserved 1048576K
GC Heap History (10 events):
Event: 11.375 GC heap before
{Heap before GC invocations=7 (full 1):
 PSYoungGen      total 36864K, used 6492K [0x00000000e0000000, 0x00000000e2e00000, 0x0000000100000000)
  eden space 27648K, 0% used [0x00000000e0000000,0x00000000e0000000,0x00000000e1b00000)
  from space 9216K, 70% used [0x00000000e2500000,0x00000000e2b572b0,0x00000000e2e00000)
  to   space 9728K, 0% used [0x00000000e1b00000,0x00000000e1b00000,0x00000000e2480000)
 ParOldGen       total 76800K, used 8493K [0x00000000a0000000, 0x00000000a4b00000, 0x00000000e0000000)
  object space 76800K, 11% used [0x00000000a0000000,0x00000000a084b670,0x00000000a4b00000)
 Metaspace       used 20846K, capacity 21200K, committed 21248K, reserved 1067008K
  class space    used 2891K, capacity 3038K, committed 3072K, reserved 1048576K
Event: 11.432 GC heap after
Heap after GC invocations=7 (full 1):
 PSYoungGen      total 36864K, used 0K [0x00000000e0000000, 0x00000000e2e00000, 0x0000000100000000)
  eden space 27648K, 0% used [0x00000000e0000000,0x00000000e0000000,0x00000000e1b00000)
  from space 9216K, 0% used [0x00000000e2500000,0x00000000e2500000,0x00000000e2e00000)
  to   space 9728K, 0% used [0x00000000e1b00000,0x00000000e1b00000,0x00000000e2480000)
 ParOldGen       total 52736K, used 9703K [0x00000000a0000000, 0x00000000a3380000, 0x00000000e0000000)
  object space 52736K, 18% used [0x00000000a0000000,0x00000000a0979f08,0x00000000a3380000)
 Metaspace       used 20846K, capacity 21200K, committed 21248K, reserved 1067008K
  class space    used 2891K, capacity 3038K, committed 3072K, reserved 1048576K
}
Event: 12.962 GC heap before
{Heap before GC invocations=8 (full 1):
 PSYoungGen      total 36864K, used 27648K [0x00000000e0000000, 0x00000000e2e00000, 0x0000000100000000)
  eden space 27648K, 100% used [0x00000000e0000000,0x00000000e1b00000,0x00000000e1b00000)
  from space 9216K, 0% used [0x00000000e2500000,0x00000000e2500000,0x00000000e2e00000)
  to   space 9728K, 0% used [0x00000000e1b00000,0x00000000e1b00000,0x00000000e2480000)
 ParOldGen       total 52736K, used 9703K [0x00000000a0000000, 0x00000000a3380000, 0x00000000e0000000)
  object space 52736K, 18% used [0x00000000a0000000,0x00000000a0979f08,0x00000000a3380000)
 Metaspace       used 25455K, capacity 25856K, committed 26112K, reserved 1071104K
  class space    used 3368K, capacity 3501K, committed 3584K, reserved 1048576K
Event: 12.975 GC heap after
Heap after GC invocations=8 (full 1):
 PSYoungGen      total 37376K, used 4310K [0x00000000e0000000, 0x00000000e4000000, 0x0000000100000000)
  eden space 27648K, 0% used [0x00000000e0000000,0x00000000e0000000,0x00000000e1b00000)
  from space 9728K, 44% used [0x00000000e1b00000,0x00000000e1f35b80,0x00000000e2480000)
  to   space 9728K, 0% used [0x00000000e3680000,0x00000000e3680000,0x00000000e4000000)
 ParOldGen       total 52736K, used 9711K [0x00000000a0000000, 0x00000000a3380000, 0x00000000e0000000)
  object space 52736K, 18% used [0x00000000a0000000,0x00000000a097bf08,0x00000000a3380000)
 Metaspace       used 25455K, capacity 25856K, committed 26112K, reserved 1071104K
  class space    used 3368K, capacity 3501K, committed 3584K, reserved 1048576K
}
Event: 13.888 GC heap before
{Heap before GC invocations=9 (full 1):
 PSYoungGen      total 37376K, used 31958K [0x00000000e0000000, 0x00000000e4000000, 0x0000000100000000)
  eden space 27648K, 100% used [0x00000000e0000000,0x00000000e1b00000,0x00000000e1b00000)
  from space 9728K, 44% used [0x00000000e1b00000,0x00000000e1f35b80,0x00000000e2480000)
  to   space 9728K, 0% used [0x00000000e3680000,0x00000000e3680000,0x00000000e4000000)
 ParOldGen       total 52736K, used 9711K [0x00000000a0000000, 0x00000000a3380000, 0x00000000e0000000)
  object space 52736K, 18% used [0x00000000a0000000,0x00000000a097bf08,0x00000000a3380000)
 Metaspace       used 27422K, capacity 27916K, committed 28288K, reserved 1073152K
  class space    used 3715K, capacity 3887K, committed 3968K, reserved 1048576K
Event: 13.900 GC heap after
Heap after GC invocations=9 (full 1):
 PSYoungGen      total 55808K, used 5261K [0x00000000e0000000, 0x00000000e3f80000, 0x0000000100000000)
  eden space 46592K, 0% used [0x00000000e0000000,0x00000000e0000000,0x00000000e2d80000)
  from space 9216K, 57% used [0x00000000e3680000,0x00000000e3ba36c0,0x00000000e3f80000)
  to   space 9216K, 0% used [0x00000000e2d80000,0x00000000e2d80000,0x00000000e3680000)
 ParOldGen       total 52736K, used 9719K [0x00000000a0000000, 0x00000000a3380000, 0x00000000e0000000)
  object space 52736K, 18% used [0x00000000a0000000,0x00000000a097df08,0x00000000a3380000)
 Metaspace       used 27422K, capacity 27916K, committed 28288K, reserved 1073152K
  class space    used 3715K, capacity 3887K, committed 3968K, reserved 1048576K
}
Event: 16.833 GC heap before
{Heap before GC invocations=10 (full 1):
 PSYoungGen      total 55808K, used 51853K [0x00000000e0000000, 0x00000000e3f80000, 0x0000000100000000)
  eden space 46592K, 100% used [0x00000000e0000000,0x00000000e2d80000,0x00000000e2d80000)
  from space 9216K, 57% used [0x00000000e3680000,0x00000000e3ba36c0,0x00000000e3f80000)
  to   space 9216K, 0% used [0x00000000e2d80000,0x00000000e2d80000,0x00000000e3680000)
 ParOldGen       total 52736K, used 9719K [0x00000000a0000000, 0x00000000a3380000, 0x00000000e0000000)
  object space 52736K, 18% used [0x00000000a0000000,0x00000000a097df08,0x00000000a3380000)
 Metaspace       used 30590K, capacity 31362K, committed 31488K, reserved 1077248K
  class space    used 4101K, capacity 4345K, committed 4352K, reserved 1048576K
Event: 16.848 GC heap after
Heap after GC invocations=10 (full 1):
 PSYoungGen      total 55808K, used 8280K [0x00000000e0000000, 0x00000000e5280000, 0x0000000100000000)
  eden space 46592K, 0% used [0x00000000e0000000,0x00000000e0000000,0x00000000e2d80000)
  from space 9216K, 89% used [0x00000000e2d80000,0x00000000e35963e8,0x00000000e3680000)
  to   space 9728K, 0% used [0x00000000e4900000,0x00000000e4900000,0x00000000e5280000)
 ParOldGen       total 52736K, used 9727K [0x00000000a0000000, 0x00000000a3380000, 0x00000000e0000000)
  object space 52736K, 18% used [0x00000000a0000000,0x00000000a097ff08,0x00000000a3380000)
 Metaspace       used 30590K, capacity 31362K, committed 31488K, reserved 1077248K
  class space    used 4101K, capacity 4345K, committed 4352K, reserved 1048576K
}
Event: 20.349 GC heap before
{Heap before GC invocations=11 (full 1):
 PSYoungGen      total 55808K, used 54872K [0x00000000e0000000, 0x00000000e5280000, 0x0000000100000000)
  eden space 46592K, 100% used [0x00000000e0000000,0x00000000e2d80000,0x00000000e2d80000)
  from space 9216K, 89% used [0x00000000e2d80000,0x00000000e35963e8,0x00000000e3680000)
  to   space 9728K, 0% used [0x00000000e4900000,0x00000000e4900000,0x00000000e5280000)
 ParOldGen       total 52736K, used 9727K [0x00000000a0000000, 0x00000000a3380000, 0x00000000e0000000)
  object space 52736K, 18% used [0x00000000a0000000,0x00000000a097ff08,0x00000000a3380000)
 Metaspace       used 33402K, capacity 34144K, committed 34304K, reserved 1079296K
  class space    used 4588K, capacity 4847K, committed 4864K, reserved 1048576K
Event: 20.376 GC heap after
Heap after GC invocations=11 (full 1):
 PSYoungGen      total 74240K, used 7871K [0x00000000e0000000, 0x00000000e5300000, 0x0000000100000000)
  eden space 64512K, 0% used [0x00000000e0000000,0x00000000e0000000,0x00000000e3f00000)
  from space 9728K, 80% used [0x00000000e4900000,0x00000000e50aff20,0x00000000e5280000)
  to   space 10240K, 0% used [0x00000000e3f00000,0x00000000e3f00000,0x00000000e4900000)
 ParOldGen       total 52736K, used 13171K [0x00000000a0000000, 0x00000000a3380000, 0x00000000e0000000)
  object space 52736K, 24% used [0x00000000a0000000,0x00000000a0cdce18,0x00000000a3380000)
 Metaspace       used 33402K, capacity 34144K, committed 34304K, reserved 1079296K
  class space    used 4588K, capacity 4847K, committed 4864K, reserved 1048576K
}

